<?xml version="1.0" encoding="UTF-8"?>
<testng-results skipped="0" failed="1" ignored="0" total="1" passed="0">
  <reporter-output>
  </reporter-output>
  <suite name="Default suite" duration-ms="77214" started-at="2018-07-24T06:16:39Z" finished-at="2018-07-24T06:17:56Z">
    <groups>
      <group name="smoke">
        <method signature="ValidateFirstIPOInDetail.validateLoginTest()[pri:0, instance:com.allipo.test.ValidateFirstIPOInDetail@67b92f0a]" name="validateLoginTest" class="com.allipo.test.ValidateFirstIPOInDetail"/>
      </group> <!-- smoke -->
    </groups>
    <test name="Default test" duration-ms="77214" started-at="2018-07-24T06:16:39Z" finished-at="2018-07-24T06:17:56Z">
      <class name="com.allipo.test.ValidateFirstIPOInDetail">
        <test-method status="PASS" signature="preConfig()[pri:0, instance:com.allipo.test.ValidateFirstIPOInDetail@67b92f0a]" name="preConfig" is-config="true" duration-ms="24165" started-at="2018-07-24T06:16:39Z" finished-at="2018-07-24T06:17:03Z">
          <reporter-output>
          </reporter-output>
        </test-method> <!-- preConfig -->
        <test-method status="FAIL" signature="validateLoginTest()[pri:0, instance:com.allipo.test.ValidateFirstIPOInDetail@67b92f0a]" name="validateLoginTest" duration-ms="50536" started-at="2018-07-24T06:17:03Z" finished-at="2018-07-24T06:17:54Z">
          <exception class="org.openqa.selenium.NoSuchElementException">
            <message>
              <![CDATA[An element could not be located on the page using the given search parameters. (WARNING: The server did not provide any stacktrace information)
Command duration or timeout: 0 milliseconds
For documentation on this error, please visit: http://seleniumhq.org/exceptions/no_such_element.html
Build info: version: '3.13.0', revision: '2f0d292', time: '2018-06-25T15:24:21.231Z'
System info: host: 'AHB-LAP', ip: '192.168.56.1', os.name: 'Windows 7', os.arch: 'amd64', os.version: '6.1', java.version: '1.8.0_121'
Driver info: io.appium.java_client.android.AndroidDriver
Capabilities {appActivity: com.appbootup.ipo.news.Acti..., appPackage: com.appbootup.ipo.news, databaseEnabled: false, desired: {appActivity: com.appbootup.ipo.news.Acti..., appPackage: com.appbootup.ipo.news, deviceName: Android device, newCommandTimeout: 50000, platformName: Android}, deviceManufacturer: LGE, deviceModel: Nexus 5, deviceName: 01abd5130382753e, deviceScreenSize: 1080x1920, deviceUDID: 01abd5130382753e, javascriptEnabled: true, locationContextEnabled: false, networkConnectionEnabled: true, newCommandTimeout: 50000, platform: LINUX, platformName: LINUX, platformVersion: 6.0.1, takesScreenshot: true, warnings: {}, webStorageEnabled: false}
Session ID: ca081540-b790-4c06-b580-5f23e621e20b
*** Element info: {Using=xpath, value=//android.widget.TextView[@text='ALL IPO News']}]]>
            </message>
            <full-stacktrace>
              <![CDATA[org.openqa.selenium.NoSuchElementException: An element could not be located on the page using the given search parameters. (WARNING: The server did not provide any stacktrace information)
Command duration or timeout: 0 milliseconds
For documentation on this error, please visit: http://seleniumhq.org/exceptions/no_such_element.html
Build info: version: '3.13.0', revision: '2f0d292', time: '2018-06-25T15:24:21.231Z'
System info: host: 'AHB-LAP', ip: '192.168.56.1', os.name: 'Windows 7', os.arch: 'amd64', os.version: '6.1', java.version: '1.8.0_121'
Driver info: io.appium.java_client.android.AndroidDriver
Capabilities {appActivity: com.appbootup.ipo.news.Acti..., appPackage: com.appbootup.ipo.news, databaseEnabled: false, desired: {appActivity: com.appbootup.ipo.news.Acti..., appPackage: com.appbootup.ipo.news, deviceName: Android device, newCommandTimeout: 50000, platformName: Android}, deviceManufacturer: LGE, deviceModel: Nexus 5, deviceName: 01abd5130382753e, deviceScreenSize: 1080x1920, deviceUDID: 01abd5130382753e, javascriptEnabled: true, locationContextEnabled: false, networkConnectionEnabled: true, newCommandTimeout: 50000, platform: LINUX, platformName: LINUX, platformVersion: 6.0.1, takesScreenshot: true, warnings: {}, webStorageEnabled: false}
Session ID: ca081540-b790-4c06-b580-5f23e621e20b
*** Element info: {Using=xpath, value=//android.widget.TextView[@text='ALL IPO News']}
at sun.reflect.NativeConstructorAccessorImpl.newInstance0(Native Method)
at sun.reflect.NativeConstructorAccessorImpl.newInstance(Unknown Source)
at sun.reflect.DelegatingConstructorAccessorImpl.newInstance(Unknown Source)
at java.lang.reflect.Constructor.newInstance(Unknown Source)
at org.openqa.selenium.remote.ErrorHandler.createThrowable(ErrorHandler.java:214)
at org.openqa.selenium.remote.ErrorHandler.throwIfResponseFailed(ErrorHandler.java:166)
at org.openqa.selenium.remote.http.JsonHttpResponseCodec.reconstructValue(JsonHttpResponseCodec.java:40)
at org.openqa.selenium.remote.http.AbstractHttpResponseCodec.decode(AbstractHttpResponseCodec.java:80)
at org.openqa.selenium.remote.http.AbstractHttpResponseCodec.decode(AbstractHttpResponseCodec.java:44)
at org.openqa.selenium.remote.HttpCommandExecutor.execute(HttpCommandExecutor.java:158)
at io.appium.java_client.remote.AppiumCommandExecutor.execute(AppiumCommandExecutor.java:89)
at org.openqa.selenium.remote.RemoteWebDriver.execute(RemoteWebDriver.java:548)
at io.appium.java_client.DefaultGenericMobileDriver.execute(DefaultGenericMobileDriver.java:42)
at io.appium.java_client.AppiumDriver.execute(AppiumDriver.java:1)
at io.appium.java_client.android.AndroidDriver.execute(AndroidDriver.java:1)
at org.openqa.selenium.remote.RemoteWebDriver.findElement(RemoteWebDriver.java:322)
at io.appium.java_client.DefaultGenericMobileDriver.findElement(DefaultGenericMobileDriver.java:62)
at io.appium.java_client.AppiumDriver.findElement(AppiumDriver.java:1)
at io.appium.java_client.android.AndroidDriver.findElement(AndroidDriver.java:1)
at org.openqa.selenium.remote.RemoteWebDriver.findElementByXPath(RemoteWebDriver.java:424)
at io.appium.java_client.DefaultGenericMobileDriver.findElementByXPath(DefaultGenericMobileDriver.java:140)
at io.appium.java_client.AppiumDriver.findElementByXPath(AppiumDriver.java:1)
at io.appium.java_client.android.AndroidDriver.findElementByXPath(AndroidDriver.java:1)
at com.allipo.utils.DriverUtils.validateHomePage(DriverUtils.java:109)
at com.allipo.page.AllIPOHomePage.validateHomeScreen(AllIPOHomePage.java:28)
at com.allipo.test.ValidateFirstIPOInDetail.validateLoginTest(ValidateFirstIPOInDetail.java:59)
at sun.reflect.NativeMethodAccessorImpl.invoke0(Native Method)
at sun.reflect.NativeMethodAccessorImpl.invoke(Unknown Source)
at sun.reflect.DelegatingMethodAccessorImpl.invoke(Unknown Source)
at java.lang.reflect.Method.invoke(Unknown Source)
at org.testng.internal.MethodInvocationHelper.invokeMethod(MethodInvocationHelper.java:124)
at org.testng.internal.Invoker.invokeMethod(Invoker.java:580)
at org.testng.internal.Invoker.invokeTestMethod(Invoker.java:716)
at org.testng.internal.Invoker.invokeTestMethods(Invoker.java:988)
at org.testng.internal.TestMethodWorker.invokeTestMethods(TestMethodWorker.java:125)
at org.testng.internal.TestMethodWorker.run(TestMethodWorker.java:109)
at org.testng.TestRunner.privateRun(TestRunner.java:648)
at org.testng.TestRunner.run(TestRunner.java:505)
at org.testng.SuiteRunner.runTest(SuiteRunner.java:455)
at org.testng.SuiteRunner.runSequentially(SuiteRunner.java:450)
at org.testng.SuiteRunner.privateRun(SuiteRunner.java:415)
at org.testng.SuiteRunner.run(SuiteRunner.java:364)
at org.testng.SuiteRunnerWorker.runSuite(SuiteRunnerWorker.java:52)
at org.testng.SuiteRunnerWorker.run(SuiteRunnerWorker.java:84)
at org.testng.TestNG.runSuitesSequentially(TestNG.java:1208)
at org.testng.TestNG.runSuitesLocally(TestNG.java:1137)
at org.testng.TestNG.runSuites(TestNG.java:1049)
at org.testng.TestNG.run(TestNG.java:1017)
at org.testng.remote.AbstractRemoteTestNG.run(AbstractRemoteTestNG.java:114)
at org.testng.remote.RemoteTestNG.initAndRun(RemoteTestNG.java:251)
at org.testng.remote.RemoteTestNG.main(RemoteTestNG.java:77)
]]>
            </full-stacktrace>
          </exception> <!-- org.openqa.selenium.NoSuchElementException -->
          <reporter-output>
          </reporter-output>
        </test-method> <!-- validateLoginTest -->
        <test-method status="PASS" signature="tearDown(org.testng.ITestResult)[pri:0, instance:com.allipo.test.ValidateFirstIPOInDetail@67b92f0a]" name="tearDown" is-config="true" duration-ms="2478" started-at="2018-07-24T06:17:54Z" finished-at="2018-07-24T06:17:56Z">
          <params>
            <param index="0">
              <value>
                <![CDATA[[TestResult name=validateLoginTest status=FAILURE method=ValidateFirstIPOInDetail.validateLoginTest()[pri:0, instance:com.allipo.test.ValidateFirstIPOInDetail@67b92f0a] output={null}]]]>
              </value>
            </param>
          </params>
          <reporter-output>
          </reporter-output>
        </test-method> <!-- tearDown -->
      </class> <!-- com.allipo.test.ValidateFirstIPOInDetail -->
    </test> <!-- Default test -->
  </suite> <!-- Default suite -->
</testng-results>
